
> cinema-ticketing-react-tailwind@1.0.0 dev
> vite --host 127.0.0.1 --port 3000


  [32m[1mVITE[22m v5.4.21[39m  [2mready in [0m[1m263[22m[2m[0m ms[22m

  [32m➜[39m  [1mLocal[22m:   [36mhttp://127.0.0.1:[1m3000[22m/[39m
[2m6:08:59 PM[22m [36m[1m[vite][22m[39m [32mhmr update [39m[2m/src/components/WireCheckoutModal.jsx, /src/index.css[22m
[2m6:29:34 PM[22m [36m[1m[vite][22m[39m [32mhmr update [39m[2m/src/admin/modals/MovieModal.jsx, /src/index.css[22m
[2m6:30:48 PM[22m [36m[1m[vite][22m[39m [32mhmr update [39m[2m/src/admin/modules/MoviemanagementModule.jsx, /src/index.css[22m
[2m6:31:00 PM[22m [36m[1m[vite][22m[39m [32mhmr update [39m[2m/src/admin/modals/ScheduleModal.jsx, /src/index.css[22m
[2m6:51:48 PM[22m [36m[1m[vite][22m[39m [32mhmr update [39m[2m/src/components/WireCheckoutModal.jsx, /src/index.css[22m
[2m9:34:00 PM[22m [36m[1m[vite][22m[39m [32mhmr update [39m[2m/src/pages/BookingPage.jsx, /src/index.css[22m
[2m9:48:07 PM[22m [36m[1m[vite][22m[39m [32mhmr update [39m[2m/src/components/WireCheckoutModal.jsx, /src/index.css[22m
[2m10:11:37 PM[22m [36m[1m[vite][22m[39m [32mhmr update [39m[2m/src/components/WireCheckoutModal.jsx, /src/index.css[22m
[2m10:25:51 PM[22m [36m[1m[vite][22m[39m [32mhmr update [39m[2m/src/components/WireCheckoutModal.jsx, /src/index.css[22m
[2m11:33:21 PM[22m [36m[1m[vite][22m[39m [32mhmr update [39m[2m/src/components/WireCheckoutModal.jsx, /src/index.css[22m
[2m12:00:11 AM[22m [36m[1m[vite][22m[39m [32m.env.local changed, restarting server...[39m
[2m12:00:11 AM[22m [36m[1m[vite][22m[39m server restarted.
[2m12:00:19 AM[22m [36m[1m[vite][22m[39m [32mhmr update [39m[2m/src/index.css, /src/App.jsx, /src/pages/Home.jsx, /src/pages/Profile.jsx, /src/pages/Login.jsx, /src/components/MovieDetailModal.jsx, /src/components/HeroMovieSection.jsx, /src/components/MoviePoster.jsx, /src/pages/TicketVerify.jsx, /src/pages/schedule.jsx, /src/pages/BookingPage.jsx, /src/admin/modules/TicketManagementModule.jsx, /src/admin/modules/ReportsModule.jsx, /src/components/WireCheckoutModal.jsx[22m
[2m12:13:14 AM[22m [36m[1m[vite][22m[39m [32mpage reload [39m[2mpublic/mobile/index.html[22m
[2m12:13:38 AM[22m [36m[1m[vite][22m[39m [32mpage reload [39m[2mpublic/mobile/index.html[22m
[2m12:13:42 AM[22m [36m[1m[vite][22m[39m [32mpage reload [39m[2mpublic/mobile/index.html[22m
[2m12:42:24 AM[22m [36m[1m[vite][22m[39m [32mpage reload [39m[2mpublic/mobile/index.html[22m
[2m12:42:49 AM[22m [36m[1m[vite][22m[39m [32mpage reload [39m[2mpublic/mobile/index.html[22m
[2m12:42:49 AM[22m [36m[1m[vite][22m[39m [32mpage reload [39m[2mpublic/mobile/index.html[22m
[2m12:42:53 AM[22m [36m[1m[vite][22m[39m [32mpage reload [39m[2mpublic/mobile/index.html[22m
[2m12:53:29 AM[22m [36m[1m[vite][22m[39m [32mhmr update [39m[2m/src/pages/BookingPage.jsx, /src/index.css[22m
[2m1:27:05 AM[22m [36m[1m[vite][22m[39m [32mpage reload [39m[2mpublic/mobile/index.html[22m
[2m1:27:26 AM[22m [36m[1m[vite][22m[39m [32mpage reload [39m[2mpublic/mobile/index.html[22m
[2m1:27:26 AM[22m [36m[1m[vite][22m[39m [32mpage reload [39m[2mpublic/mobile/index.html[22m
[2m1:27:29 AM[22m [36m[1m[vite][22m[39m [32mpage reload [39m[2mpublic/mobile/index.html[22m
[2m1:43:15 AM[22m [36m[1m[vite][22m[39m [32mpage reload [39m[2mpublic/mobile/index.html[22m
[2m1:43:42 AM[22m [36m[1m[vite][22m[39m [32mpage reload [39m[2mpublic/mobile/index.html[22m
[2m1:43:46 AM[22m [36m[1m[vite][22m[39m [32mpage reload [39m[2mpublic/mobile/index.html[22m
[2m2:49:52 AM[22m [36m[1m[vite][22m[39m [32mpage reload [39m[2mpublic/mobile/index.html[22m
[2m2:50:15 AM[22m [36m[1m[vite][22m[39m [32mpage reload [39m[2mpublic/mobile/index.html[22m
[2m2:50:15 AM[22m [36m[1m[vite][22m[39m [32mpage reload [39m[2mpublic/mobile/index.html[22m
[2m2:50:19 AM[22m [36m[1m[vite][22m[39m [32mpage reload [39m[2mpublic/mobile/index.html[22m
