Browserslist: browsers data (caniuse-lite) is 7 months old. Please run:
  npx update-browserslist-db@latest
  Why you should do it regularly: https://github.com/browserslist/update-db#readme
[33mFiles in the public directory are served at the root path.
Instead of [36m/public/kdt.png[33m, use [36m/kdt.png[33m.[39m
[33mFiles in the public directory are served at the root path.
Instead of [36m/public/kdt.png[33m, use [36m/kdt.png[33m.[39m
[33mFiles in the public directory are served at the root path.
Instead of [36m/public/kdt.png[33m, use [36m/kdt.png[33m.[39m
[33mFiles in the public directory are served at the root path.
Instead of [36m/public/seat.png[33m, use [36m/seat.png[33m.[39m
[33mFiles in the public directory are served at the root path.
Instead of [36m/public/kdt.png[33m, use [36m/kdt.png[33m.[39m
[33mFiles in the public directory are served at the root path.
Instead of [36m/public/kdt.png[33m, use [36m/kdt.png[33m.[39m
[33mFiles in the public directory are served at the root path.
Instead of [36m/public/seat.png[33m, use [36m/seat.png[33m.[39m
[33mFiles in the public directory are served at the root path.
Instead of [36m/public/kdt.png[33m, use [36m/kdt.png[33m.[39m
[33mFiles in the public directory are served at the root path.
Instead of [36m/public/kdt.png[33m, use [36m/kdt.png[33m.[39m
[33mFiles in the public directory are served at the root path.
Instead of [36m/public/kdt.png[33m, use [36m/kdt.png[33m.[39m
[33mFiles in the public directory are served at the root path.
Instead of [36m/public/seat.png[33m, use [36m/seat.png[33m.[39m
[33mFiles in the public directory are served at the root path.
Instead of [36m/public/kdt.png[33m, use [36m/kdt.png[33m.[39m
[33mFiles in the public directory are served at the root path.
Instead of [36m/public/kdt.png[33m, use [36m/kdt.png[33m.[39m
[33mFiles in the public directory are served at the root path.
Instead of [36m/public/seat.png[33m, use [36m/seat.png[33m.[39m
[33mFiles in the public directory are served at the root path.
Instead of [36m/public/seat.png[33m, use [36m/seat.png[33m.[39m
[33mFiles in the public directory are served at the root path.
Instead of [36m/public/seat.png[33m, use [36m/seat.png[33m.[39m
[33mFiles in the public directory are served at the root path.
Instead of [36m/public/kdt.png[33m, use [36m/kdt.png[33m.[39m
[33mFiles in the public directory are served at the root path.
Instead of [36m/public/kdt.png[33m, use [36m/kdt.png[33m.[39m
[33mFiles in the public directory are served at the root path.
Instead of [36m/public/kdt.png[33m, use [36m/kdt.png[33m.[39m
[33mFiles in the public directory are served at the root path.
Instead of [36m/public/seat.png[33m, use [36m/seat.png[33m.[39m
[33mFiles in the public directory are served at the root path.
Instead of [36m/public/kdt.png[33m, use [36m/kdt.png[33m.[39m
[33mFiles in the public directory are served at the root path.
Instead of [36m/public/seat.png[33m, use [36m/seat.png[33m.[39m
[33mFiles in the public directory are served at the root path.
Instead of [36m/public/kdt.png[33m, use [36m/kdt.png[33m.[39m
[33mFiles in the public directory are served at the root path.
Instead of [36m/public/kdt.png[33m, use [36m/kdt.png[33m.[39m
[33mFiles in the public directory are served at the root path.
Instead of [36m/public/seat.png[33m, use [36m/seat.png[33m.[39m
[33mFiles in the public directory are served at the root path.
Instead of [36m/public/seat.png[33m, use [36m/seat.png[33m.[39m
[33mFiles in the public directory are served at the root path.
Instead of [36m/public/seat.png[33m, use [36m/seat.png[33m.[39m
[33mFiles in the public directory are served at the root path.
Instead of [36m/public/seat.png[33m, use [36m/seat.png[33m.[39m
[33mFiles in the public directory are served at the root path.
Instead of [36m/public/kdt.png[33m, use [36m/kdt.png[33m.[39m
[33mFiles in the public directory are served at the root path.
Instead of [36m/public/kdt.png[33m, use [36m/kdt.png[33m.[39m
[33mFiles in the public directory are served at the root path.
Instead of [36m/public/kdt.png[33m, use [36m/kdt.png[33m.[39m
[33mFiles in the public directory are served at the root path.
Instead of [36m/public/kdt.png[33m, use [36m/kdt.png[33m.[39m
[33mFiles in the public directory are served at the root path.
Instead of [36m/public/kdt.png[33m, use [36m/kdt.png[33m.[39m
[33mFiles in the public directory are served at the root path.
Instead of [36m/public/kdt.png[33m, use [36m/kdt.png[33m.[39m
[33mFiles in the public directory are served at the root path.
Instead of [36m/public/kdt.png[33m, use [36m/kdt.png[33m.[39m
[33mFiles in the public directory are served at the root path.
Instead of [36m/public/kdt.png[33m, use [36m/kdt.png[33m.[39m
[33mFiles in the public directory are served at the root path.
Instead of [36m/public/seat.png[33m, use [36m/seat.png[33m.[39m
[33mFiles in the public directory are served at the root path.
Instead of [36m/public/kdt.png[33m, use [36m/kdt.png[33m.[39m
[33mFiles in the public directory are served at the root path.
Instead of [36m/public/seat.png[33m, use [36m/seat.png[33m.[39m
[33mFiles in the public directory are served at the root path.
Instead of [36m/public/seat.png[33m, use [36m/seat.png[33m.[39m
[33mFiles in the public directory are served at the root path.
Instead of [36m/public/kdt.png[33m, use [36m/kdt.png[33m.[39m
[33mFiles in the public directory are served at the root path.
Instead of [36m/public/kdt.png[33m, use [36m/kdt.png[33m.[39m
[33mFiles in the public directory are served at the root path.
Instead of [36m/public/kdt.png[33m, use [36m/kdt.png[33m.[39m
[33mFiles in the public directory are served at the root path.
Instead of [36m/public/seat.png[33m, use [36m/seat.png[33m.[39m
[33mFiles in the public directory are served at the root path.
Instead of [36m/public/kdt.png[33m, use [36m/kdt.png[33m.[39m
[33mFiles in the public directory are served at the root path.
Instead of [36m/public/kdt.png[33m, use [36m/kdt.png[33m.[39m
[33mFiles in the public directory are served at the root path.
Instead of [36m/public/kdt.png[33m, use [36m/kdt.png[33m.[39m
[33mFiles in the public directory are served at the root path.
Instead of [36m/public/kdt.png[33m, use [36m/kdt.png[33m.[39m
[33mFiles in the public directory are served at the root path.
Instead of [36m/public/seat.png[33m, use [36m/seat.png[33m.[39m
[33mFiles in the public directory are served at the root path.
Instead of [36m/public/seat.png[33m, use [36m/seat.png[33m.[39m
[33mFiles in the public directory are served at the root path.
Instead of [36m/public/kdt.png[33m, use [36m/kdt.png[33m.[39m
[33mFiles in the public directory are served at the root path.
Instead of [36m/public/seat.png[33m, use [36m/seat.png[33m.[39m
